#
# A fatal error has been detected by the Java Runtime Environment:
#
#  EXCEPTION_ACCESS_VIOLATION (0xc0000005) at pc=0x000000000e361066, pid=7732, tid=8712
#
# JRE version: 7.0_21-b11
# Java VM: Java HotSpot(TM) 64-Bit Server VM (23.21-b01 mixed mode windows-amd64 compressed oops)
# Problematic frame:
# C  [OpenAL64.dll+0x11066]  alProcessUpdatesSOFT+0x15a2
#
# Failed to write core dump. Minidumps are not enabled by default on client versions of Windows
#
# If you would like to submit a bug report, please visit:
#   http://bugreport.sun.com/bugreport/crash.jsp
# The crash happened outside the Java Virtual Machine in native code.
# See problematic frame for where to report the bug.
#

---------------  T H R E A D  ---------------

Current thread (0x000000000c51a800):  JavaThread "Thread-12" [_thread_in_native, id=8712, stack(0x00000000103c0000,0x00000000104c0000)]

siginfo: ExceptionCode=0xc0000005, reading address 0x000000000bfaf004

Registers:
RAX=0x0000000000000004, RBX=0x0000000016080090, RCX=0x000000000bfaf008, RDX=0x000000000bfaf004
RSP=0x00000000104bef70, RBP=0x00000000000000ff, RSI=0x000000000bfa37ac, RDI=0x0000000000000000
R8 =0x0000000000002e16, R9 =0x000000000bfa37ac, R10=0x00000000023f8c35, R11=0x0000000064653570
R12=0x0000000000000001, R13=0x00000000fd3bc8f0, R14=0x00000000104bf108, R15=0x000000000c51a800
RIP=0x000000000e361066, EFLAGS=0x0000000000010202

Top of Stack: (sp=0x00000000104bef70)
0x00000000104bef70:   00000000104bef88 00000000104befd8
0x00000000104bef80:   00000000023e6a63 000000000bfa3790
0x00000000104bef90:   00000000e6416210 00000000104bef98
0x00000000104befa0:   00000000fcc16bfc 00000000645777e7
0x00000000104befb0:   00000000fcc1ac08 0000000000000000
0x00000000104befc0:   000000000c51a800 0000000000000000
0x00000000104befd0:   000000000b579c10 000000006450dd86
0x00000000104befe0:   000000000c51a800 00000000104bf108
0x00000000104beff0:   00000000fd3bc8f0 0000000000000000
0x00000000104bf000:   000000000bfa37ac 00000000fcba5a28
0x00000000104bf010:   00000000104bf0d0 000000000e36248f
0x00000000104bf020:   0000000016080090 0000000016080090
0x00000000104bf030:   000000000000ac44 0000000000000004
0x00000000104bf040:   00000000023e63b5 00000000023f8c61
0x00000000104bf050:   00000000fd3bc8f0 00000000fcc17595
0x00000000104bf060:   00000000104bf0a0 00000000fcc1ac08 

Instructions: (pc=0x000000000e361066)
0x000000000e361046:   41 2b ec 81 3a 03 00 02 00 75 09 8b 01 89 84 24
0x000000000e361056:   c8 00 00 00 49 83 c0 02 48 83 c1 08 4a 8d 14 86
0x000000000e361066:   39 3a 75 af 4c 8d 84 24 c0 00 00 00 48 8d 15 d7
0x000000000e361076:   2b 03 00 33 c9 e8 58 5f 00 00 b8 40 1f 00 00 4c 


Register to memory mapping:

RAX=0x0000000000000004 is an unknown value
RBX=0x0000000016080090 is an unknown value
RCX=0x000000000bfaf008 is an unknown value
RDX=0x000000000bfaf004 is an unknown value
RSP=0x00000000104bef70 is pointing into the stack for thread: 0x000000000c51a800
RBP=0x00000000000000ff is an unknown value
RSI=0x000000000bfa37ac is an unknown value
RDI=0x0000000000000000 is an unknown value
R8 =0x0000000000002e16 is an unknown value
R9 =0x000000000bfa37ac is an unknown value
R10=0x00000000023f8c35 is an Interpreter codelet
method entry point (kind = native)  [0x00000000023f8740, 0x00000000023f9600]  3776 bytes
R11=0x0000000064653570 is an unknown value
R12=0x0000000000000001 is an unknown value
R13=0x00000000fd3bc8f0 is an oop
{method} 
 - klass: {other class}
R14=0x00000000104bf108 is pointing into the stack for thread: 0x000000000c51a800
R15=0x000000000c51a800 is a thread


Stack: [0x00000000103c0000,0x00000000104c0000],  sp=0x00000000104bef70,  free space=1019k
Native frames: (J=compiled Java code, j=interpreted, Vv=VM code, C=native code)
C  [OpenAL64.dll+0x11066]  alProcessUpdatesSOFT+0x15a2

Java frames: (J=compiled Java code, j=interpreted, Vv=VM code)
j  org.lwjgl.openal.ALC10.nalcCreateContext(JJ)J+0
j  org.lwjgl.openal.ALC10.alcCreateContext(Lorg/lwjgl/openal/ALCdevice;Ljava/nio/IntBuffer;)Lorg/lwjgl/openal/ALCcontext;+8
j  org.lwjgl.openal.AL.init(Ljava/lang/String;IIZZ)V+69
j  org.lwjgl.openal.AL.create(Ljava/lang/String;IIZZ)V+227
j  org.lwjgl.openal.AL.create(Ljava/lang/String;IIZ)V+5
j  org.lwjgl.openal.AL.create()V+6
j  paulscode.sound.libraries.LibraryLWJGLOpenAL.init()V+2
j  paulscode.sound.SoundSystem.CommandNewLibrary(Ljava/lang/Class;)V+273
j  paulscode.sound.SoundSystem.CommandQueue(Lpaulscode/sound/CommandObject;)Z+1206
j  paulscode.sound.CommandThread.run()V+51
v  ~StubRoutines::call_stub

---------------  P R O C E S S  ---------------

Java Threads: ( => current thread )
  0x00000000133a3800 JavaThread "Thread-13" [_thread_blocked, id=8588, stack(0x0000000015590000,0x0000000015690000)]
  0x0000000014398800 JavaThread "MCO Availability Checker #1" [_thread_in_Java, id=10204, stack(0x00000000150a0000,0x00000000151a0000)]
=>0x000000000c51a800 JavaThread "Thread-12" [_thread_in_native, id=8712, stack(0x00000000103c0000,0x00000000104c0000)]
  0x000000000d8ba000 JavaThread "Sound Library Loader" [_thread_blocked, id=5028, stack(0x00000000100e0000,0x00000000101e0000)]
  0x000000000bddd800 JavaThread "Java2D Disposer" daemon [_thread_blocked, id=9932, stack(0x00000000102c0000,0x00000000103c0000)]
  0x000000000ad14000 JavaThread "Timer hack thread" daemon [_thread_blocked, id=9832, stack(0x000000000d1d0000,0x000000000d2d0000)]
  0x000000000d53a800 JavaThread "Snooper Timer" daemon [_thread_blocked, id=8380, stack(0x000000000c070000,0x000000000c170000)]
  0x00000000093c4000 JavaThread "Service Thread" daemon [_thread_blocked, id=7304, stack(0x000000000a2a0000,0x000000000a3a0000)]
  0x00000000093b7800 JavaThread "C2 CompilerThread1" daemon [_thread_blocked, id=7808, stack(0x000000000a1a0000,0x000000000a2a0000)]
  0x00000000093b0800 JavaThread "C2 CompilerThread0" daemon [_thread_blocked, id=8784, stack(0x000000000a0a0000,0x000000000a1a0000)]
  0x00000000093a1800 JavaThread "JDWP Command Reader" daemon [_thread_in_native, id=3576, stack(0x0000000009fa0000,0x000000000a0a0000)]
  0x000000000939c800 JavaThread "JDWP Event Helper Thread" daemon [_thread_blocked, id=4524, stack(0x0000000009ea0000,0x0000000009fa0000)]
  0x0000000009388800 JavaThread "JDWP Transport Listener: dt_socket" daemon [_thread_blocked, id=6368, stack(0x0000000009da0000,0x0000000009ea0000)]
  0x0000000009384000 JavaThread "Attach Listener" daemon [_thread_blocked, id=9888, stack(0x00000000098e0000,0x00000000099e0000)]
  0x0000000009381000 JavaThread "Signal Dispatcher" daemon [_thread_blocked, id=8116, stack(0x00000000097e0000,0x00000000098e0000)]
  0x0000000009380800 JavaThread "Surrogate Locker Thread (Concurrent GC)" daemon [_thread_blocked, id=5644, stack(0x00000000096e0000,0x00000000097e0000)]
  0x0000000009322800 JavaThread "Finalizer" daemon [_thread_blocked, id=5108, stack(0x00000000095e0000,0x00000000096e0000)]
  0x000000000931c800 JavaThread "Reference Handler" daemon [_thread_blocked, id=6236, stack(0x00000000094e0000,0x00000000095e0000)]
  0x00000000022e4000 JavaThread "Client thread" [_thread_in_native, id=8316, stack(0x00000000021e0000,0x00000000022e0000)]

Other Threads:
  0x0000000009310800 VMThread [stack: 0x00000000093e0000,0x00000000094e0000] [id=10004]
  0x000000000a3cb000 WatcherThread [stack: 0x000000000a7a0000,0x000000000a8a0000] [id=10000]

VM state:not at safepoint (normal execution)

VM Mutex/Monitor currently owned by a thread: None

Heap
 par new generation   total 157248K, used 109146K [0x00000000dae00000, 0x00000000e58a0000, 0x00000000e58a0000)
  eden space 139776K,  67% used [0x00000000dae00000, 0x00000000e0a29af0, 0x00000000e3680000)
  from space 17472K,  84% used [0x00000000e4790000, 0x00000000e55fcfe0, 0x00000000e58a0000)
  to   space 17472K,   0% used [0x00000000e3680000, 0x00000000e3680000, 0x00000000e4790000)
 concurrent mark-sweep generation total 349568K, used 51107K [0x00000000e58a0000, 0x00000000fae00000, 0x00000000fae00000)
 concurrent-mark-sweep perm gen total 70092K, used 44183K [0x00000000fae00000, 0x00000000ff273000, 0x0000000100000000)

Card table byte_map: [0x00000000057e0000,0x0000000005910000] byte_map_base: 0x0000000005109000

Polling page: 0x0000000000650000

Code Cache  [0x00000000023e0000, 0x0000000002780000, 0x00000000053e0000)
 total_blobs=1543 nmethods=903 adapters=599 free_code_cache=45531Kb largest_free_block=46548416

Compilation events (10 events):
Event: 20.203 Thread 0x00000000093b0800  941             java.math.BigInteger::mulAdd (81 bytes)
Event: 20.207 Thread 0x00000000093b0800 nmethod 941 0x0000000002736250 code [0x00000000027363a0, 0x0000000002736658]
Event: 20.210 Thread 0x00000000093b0800  942             java.lang.Integer::reverseBytes (26 bytes)
Event: 20.210 Thread 0x00000000093b0800 nmethod 942 0x00000000024861d0 code [0x0000000002486300, 0x0000000002486378]
Event: 20.245 Thread 0x00000000093b0800  944             java.io.DataInputStream::readFully (63 bytes)
Event: 20.274 Thread 0x00000000093b0800 nmethod 944 0x0000000002743dd0 code [0x0000000002743fe0, 0x00000000027464d0]
Event: 20.274 Thread 0x00000000093b0800  945             sun.security.util.Cache$EqualByteArray::hashCode (57 bytes)
Event: 20.278 Thread 0x00000000093b0800 nmethod 945 0x0000000002735a50 code [0x0000000002735b80, 0x0000000002735dd8]
Event: 20.311 Thread 0x00000000093b0800  946             java.util.zip.Inflater::finalize (5 bytes)
Event: 20.314 Thread 0x00000000093b0800 nmethod 946 0x000000000273ae50 code [0x000000000273afa0, 0x000000000273b3a8]

GC Heap History (10 events):
Event: 13.333 GC heap before
{Heap before GC invocations=4 (full 2):
 par new generation   total 157248K, used 157247K [0x00000000dae00000, 0x00000000e58a0000, 0x00000000e58a0000)
  eden space 139776K, 100% used [0x00000000dae00000, 0x00000000e3680000, 0x00000000e3680000)
  from space 17472K,  99% used [0x00000000e3680000, 0x00000000e478fff8, 0x00000000e4790000)
  to   space 17472K,   0% used [0x00000000e4790000, 0x00000000e4790000, 0x00000000e58a0000)
 concurrent mark-sweep generation total 349568K, used 45037K [0x00000000e58a0000, 0x00000000fae00000, 0x00000000fae00000)
 concurrent-mark-sweep perm gen total 49640K, used 33695K [0x00000000fae00000, 0x00000000fde7a000, 0x0000000100000000)
Event: 13.369 GC heap after
Heap after GC invocations=5 (full 2):
 par new generation   total 157248K, used 17472K [0x00000000dae00000, 0x00000000e58a0000, 0x00000000e58a0000)
  eden space 139776K,   0% used [0x00000000dae00000, 0x00000000dae00000, 0x00000000e3680000)
  from space 17472K, 100% used [0x00000000e4790000, 0x00000000e58a0000, 0x00000000e58a0000)
  to   space 17472K,   0% used [0x00000000e3680000, 0x00000000e3680000, 0x00000000e4790000)
 concurrent mark-sweep generation total 349568K, used 64645K [0x00000000e58a0000, 0x00000000fae00000, 0x00000000fae00000)
 concurrent-mark-sweep perm gen total 49640K, used 33695K [0x00000000fae00000, 0x00000000fde7a000, 0x0000000100000000)
}
Event: 15.153 GC heap before
{Heap before GC invocations=5 (full 2):
 par new generation   total 157248K, used 152896K [0x00000000dae00000, 0x00000000e58a0000, 0x00000000e58a0000)
  eden space 139776K,  96% used [0x00000000dae00000, 0x00000000e3240058, 0x00000000e3680000)
  from space 17472K, 100% used [0x00000000e4790000, 0x00000000e58a0000, 0x00000000e58a0000)
  to   space 17472K,   0% used [0x00000000e3680000, 0x00000000e3680000, 0x00000000e4790000)
 concurrent mark-sweep generation total 349568K, used 62269K [0x00000000e58a0000, 0x00000000fae00000, 0x00000000fae00000)
 concurrent-mark-sweep perm gen total 59468K, used 38254K [0x00000000fae00000, 0x00000000fe813000, 0x0000000100000000)
Event: 15.169 GC heap after
Heap after GC invocations=6 (full 2):
 par new generation   total 157248K, used 11911K [0x00000000dae00000, 0x00000000e58a0000, 0x00000000e58a0000)
  eden space 139776K,   0% used [0x00000000dae00000, 0x00000000dae00000, 0x00000000e3680000)
  from space 17472K,  68% used [0x00000000e3680000, 0x00000000e4221ce8, 0x00000000e4790000)
  to   space 17472K,   0% used [0x00000000e4790000, 0x00000000e4790000, 0x00000000e58a0000)
 concurrent mark-sweep generation total 349568K, used 67333K [0x00000000e58a0000, 0x00000000fae00000, 0x00000000fae00000)
 concurrent-mark-sweep perm gen total 59468K, used 38254K [0x00000000fae00000, 0x00000000fe813000, 0x0000000100000000)
}
Event: 17.284 GC heap before
{Heap before GC invocations=6 (full 3):
 par new generation   total 157248K, used 151687K [0x00000000dae00000, 0x00000000e58a0000, 0x00000000e58a0000)
  eden space 139776K, 100% used [0x00000000dae00000, 0x00000000e3680000, 0x00000000e3680000)
  from space 17472K,  68% used [0x00000000e3680000, 0x00000000e4221ce8, 0x00000000e4790000)
  to   space 17472K,   0% used [0x00000000e4790000, 0x00000000e4790000, 0x00000000e58a0000)
 concurrent mark-sweep generation total 349568K, used 67333K [0x00000000e58a0000, 0x00000000fae00000, 0x00000000fae00000)
 concurrent-mark-sweep perm gen total 59468K, used 39652K [0x00000000fae00000, 0x00000000fe813000, 0x0000000100000000)
Event: 17.300 GC heap after
Heap after GC invocations=7 (full 3):
 par new generation   total 157248K, used 9717K [0x00000000dae00000, 0x00000000e58a0000, 0x00000000e58a0000)
  eden space 139776K,   0% used [0x00000000dae00000, 0x00000000dae00000, 0x00000000e3680000)
  from space 17472K,  55% used [0x00000000e4790000, 0x00000000e510d440, 0x00000000e58a0000)
  to   space 17472K,   0% used [0x00000000e3680000, 0x00000000e3680000, 0x00000000e4790000)
 concurrent mark-sweep generation total 349568K, used 72818K [0x00000000e58a0000, 0x00000000fae00000, 0x00000000fae00000)
 concurrent-mark-sweep perm gen total 59468K, used 39652K [0x00000000fae00000, 0x00000000fe813000, 0x0000000100000000)
}
Event: 18.637 GC heap before
{Heap before GC invocations=7 (full 3):
 par new generation   total 157248K, used 149493K [0x00000000dae00000, 0x00000000e58a0000, 0x00000000e58a0000)
  eden space 139776K, 100% used [0x00000000dae00000, 0x00000000e3680000, 0x00000000e3680000)
  from space 17472K,  55% used [0x00000000e4790000, 0x00000000e510d440, 0x00000000e58a0000)
  to   space 17472K,   0% used [0x00000000e3680000, 0x00000000e3680000, 0x00000000e4790000)
 concurrent mark-sweep generation total 349568K, used 72818K [0x00000000e58a0000, 0x00000000fae00000, 0x00000000fae00000)
 concurrent-mark-sweep perm gen total 59468K, used 42037K [0x00000000fae00000, 0x00000000fe813000, 0x0000000100000000)
Event: 18.646 GC heap after
Heap after GC invocations=8 (full 3):
 par new generation   total 157248K, used 16983K [0x00000000dae00000, 0x00000000e58a0000, 0x00000000e58a0000)
  eden space 139776K,   0% used [0x00000000dae00000, 0x00000000dae00000, 0x00000000e3680000)
  from space 17472K,  97% used [0x00000000e3680000, 0x00000000e4715d90, 0x00000000e4790000)
  to   space 17472K,   0% used [0x00000000e4790000, 0x00000000e4790000, 0x00000000e58a0000)
 concurrent mark-sweep generation total 349568K, used 72818K [0x00000000e58a0000, 0x00000000fae00000, 0x00000000fae00000)
 concurrent-mark-sweep perm gen total 59468K, used 42037K [0x00000000fae00000, 0x00000000fe813000, 0x0000000100000000)
}
Event: 20.296 GC heap before
{Heap before GC invocations=8 (full 3):
 par new generation   total 157248K, used 151010K [0x00000000dae00000, 0x00000000e58a0000, 0x00000000e58a0000)
  eden space 139776K,  95% used [0x00000000dae00000, 0x00000000e30e2c60, 0x00000000e3680000)
  from space 17472K,  97% used [0x00000000e3680000, 0x00000000e4715d90, 0x00000000e4790000)
  to   space 17472K,   0% used [0x00000000e4790000, 0x00000000e4790000, 0x00000000e58a0000)
 concurrent mark-sweep generation total 349568K, used 48634K [0x00000000e58a0000, 0x00000000fae00000, 0x00000000fae00000)
 concurrent-mark-sweep perm gen total 70092K, used 43429K [0x00000000fae00000, 0x00000000ff273000, 0x0000000100000000)
Event: 20.306 GC heap after
Heap after GC invocations=9 (full 3):
 par new generation   total 157248K, used 14771K [0x00000000dae00000, 0x00000000e58a0000, 0x00000000e58a0000)
  eden space 139776K,   0% used [0x00000000dae00000, 0x00000000dae00000, 0x00000000e3680000)
  from space 17472K,  84% used [0x00000000e4790000, 0x00000000e55fcfe0, 0x00000000e58a0000)
  to   space 17472K,   0% used [0x00000000e3680000, 0x00000000e3680000, 0x00000000e4790000)
 concurrent mark-sweep generation total 349568K, used 51107K [0x00000000e58a0000, 0x00000000fae00000, 0x00000000fae00000)
 concurrent-mark-sweep perm gen total 70092K, used 43429K [0x00000000fae00000, 0x00000000ff273000, 0x0000000100000000)
}

Deoptimization events (10 events):
Event: 20.210 Thread 0x0000000014398800 Uncommon trap -34 fr.pc 0x00000000026df994
Event: 20.210 Thread 0x0000000014398800 Uncommon trap -34 fr.pc 0x00000000026df994
Event: 20.210 Thread 0x0000000014398800 Uncommon trap -34 fr.pc 0x00000000026df994
Event: 20.210 Thread 0x0000000014398800 Uncommon trap -34 fr.pc 0x00000000026df994
Event: 20.213 Thread 0x0000000014398800 Uncommon trap -83 fr.pc 0x00000000025b4650
Event: 20.219 Thread 0x0000000014398800 Uncommon trap -58 fr.pc 0x0000000002592318
Event: 20.222 Thread 0x0000000014398800 Uncommon trap -34 fr.pc 0x00000000025a2de4
Event: 20.222 Thread 0x0000000014398800 Uncommon trap -34 fr.pc 0x00000000025a2de4
Event: 20.225 Thread 0x0000000014398800 Uncommon trap -34 fr.pc 0x00000000025a2de4
Event: 20.226 Thread 0x0000000014398800 Uncommon trap -34 fr.pc 0x00000000025a2de4

Internal exceptions (10 events):
Event: 20.332 Thread 0x000000000c51a800 Threw 0x00000000dc13e2e8 at C:\jdk7u2_64p\jdk7u21\hotspot\src\share\vm\prims\jvm.cpp:2888
Event: 20.342 Thread 0x000000000c51a800 Threw 0x00000000dc13fae8 at C:\jdk7u2_64p\jdk7u21\hotspot\src\share\vm\prims\jvm.cpp:1166
Event: 20.342 Thread 0x000000000c51a800 Threw 0x00000000dc140570 at C:\jdk7u2_64p\jdk7u21\hotspot\src\share\vm\prims\jvm.cpp:1166
Event: 20.342 Thread 0x000000000c51a800 Threw 0x00000000dc140fc8 at C:\jdk7u2_64p\jdk7u21\hotspot\src\share\vm\prims\jvm.cpp:1166
Event: 20.342 Thread 0x000000000c51a800 Threw 0x00000000dc141ce8 at C:\jdk7u2_64p\jdk7u21\hotspot\src\share\vm\prims\jvm.cpp:1166
Event: 20.342 Thread 0x000000000c51a800 Threw 0x00000000dc142770 at C:\jdk7u2_64p\jdk7u21\hotspot\src\share\vm\prims\jvm.cpp:1166
Event: 20.342 Thread 0x000000000c51a800 Threw 0x00000000dc1431c8 at C:\jdk7u2_64p\jdk7u21\hotspot\src\share\vm\prims\jvm.cpp:1166
Event: 20.343 Thread 0x000000000c51a800 Threw 0x00000000dc14c8e8 at C:\jdk7u2_64p\jdk7u21\hotspot\src\share\vm\prims\jvm.cpp:1166
Event: 20.343 Thread 0x000000000c51a800 Threw 0x00000000dc14d370 at C:\jdk7u2_64p\jdk7u21\hotspot\src\share\vm\prims\jvm.cpp:1166
Event: 20.343 Thread 0x000000000c51a800 Threw 0x00000000dc14ddc8 at C:\jdk7u2_64p\jdk7u21\hotspot\src\share\vm\prims\jvm.cpp:1166

Events (10 events):
Event: 20.255 loading class 0x000000000e3174e0 done
Event: 20.261 loading class 0x000000000dc7cb30
Event: 20.261 loading class 0x000000000dc7cb30 done
Event: 20.295 Executing VM operation: GenCollectForAllocation
Event: 20.306 Executing VM operation: GenCollectForAllocation done
Event: 20.309 loading class 0x000000000dc7c470
Event: 20.309 loading class 0x000000000dc7c470 done
Event: 20.340 Executing VM operation: RevokeBias
Event: 20.341 Executing VM operation: RevokeBias done
Event: 20.342 Thread 0x00000000133a3800 Thread added: 0x00000000133a3800


Dynamic libraries:
0x00007ff64f8b0000 - 0x00007ff64f8e3000 	C:\Program Files\Java\jre7\bin\javaw.exe
0x00007ffa405e0000 - 0x00007ffa4078a000 	C:\WINDOWS\SYSTEM32\ntdll.dll
0x00007ffa3def0000 - 0x00007ffa3e02a000 	C:\WINDOWS\system32\KERNEL32.DLL
0x00007ffa3da20000 - 0x00007ffa3db2f000 	C:\WINDOWS\system32\KERNELBASE.dll
0x00007ffa3c560000 - 0x00007ffa3c5e8000 	C:\WINDOWS\system32\apphelp.dll
0x00007ffa2a160000 - 0x00007ffa2a1af000 	C:\WINDOWS\AppPatch\AppPatch64\AcGenral.DLL
0x00007ffa3e1e0000 - 0x00007ffa3e287000 	C:\WINDOWS\system32\msvcrt.dll
0x00007ffa3d790000 - 0x00007ffa3d7bb000 	C:\WINDOWS\SYSTEM32\SspiCli.dll
0x00007ffa40580000 - 0x00007ffa405d1000 	C:\WINDOWS\system32\SHLWAPI.dll
0x00007ffa3e410000 - 0x00007ffa3e581000 	C:\WINDOWS\system32\USER32.dll
0x00007ffa3e290000 - 0x00007ffa3e408000 	C:\WINDOWS\system32\ole32.dll
0x00007ffa3e590000 - 0x00007ffa3f9b0000 	C:\WINDOWS\system32\SHELL32.dll
0x00007ffa3d3d0000 - 0x00007ffa3d3ee000 	C:\WINDOWS\SYSTEM32\USERENV.dll
0x00007ffa3ff90000 - 0x00007ffa40035000 	C:\WINDOWS\system32\ADVAPI32.dll
0x00007ffa325b0000 - 0x00007ffa325cb000 	C:\WINDOWS\SYSTEM32\MPR.dll
0x00007ffa3fcb0000 - 0x00007ffa3fde6000 	C:\WINDOWS\system32\RPCRT4.dll
0x00007ffa3de80000 - 0x00007ffa3ded7000 	C:\WINDOWS\SYSTEM32\sechost.dll
0x00007ffa40160000 - 0x00007ffa40336000 	C:\WINDOWS\SYSTEM32\combase.dll
0x00007ffa40420000 - 0x00007ffa40564000 	C:\WINDOWS\system32\GDI32.dll
0x00007ffa3d950000 - 0x00007ffa3d964000 	C:\WINDOWS\SYSTEM32\profapi.dll
0x00007ffa3c4c0000 - 0x00007ffa3c55f000 	C:\WINDOWS\SYSTEM32\SHCORE.dll
0x00007ffa40340000 - 0x00007ffa40374000 	C:\WINDOWS\system32\IMM32.DLL
0x00007ffa3fdf0000 - 0x00007ffa3ff29000 	C:\WINDOWS\system32\MSCTF.dll
0x00007ffa3a670000 - 0x00007ffa3a8ca000 	C:\WINDOWS\WinSxS\amd64_microsoft.windows.common-controls_6595b64144ccf1df_6.0.9600.17031_none_6242a4b3ecbb55a1\COMCTL32.dll
0x0000000065430000 - 0x0000000065501000 	C:\Program Files\Java\jre7\bin\msvcr100.dll
0x0000000064490000 - 0x0000000064bb1000 	C:\Program Files\Java\jre7\bin\server\jvm.dll
0x00007ffa32620000 - 0x00007ffa32629000 	C:\WINDOWS\SYSTEM32\WSOCK32.dll
0x00007ffa3b390000 - 0x00007ffa3b3af000 	C:\WINDOWS\SYSTEM32\WINMM.dll
0x00007ffa3e030000 - 0x00007ffa3e037000 	C:\WINDOWS\system32\PSAPI.DLL
0x00007ffa40100000 - 0x00007ffa40158000 	C:\WINDOWS\system32\WS2_32.dll
0x00007ffa3b350000 - 0x00007ffa3b37a000 	C:\WINDOWS\SYSTEM32\WINMMBASE.dll
0x00007ffa3dee0000 - 0x00007ffa3dee9000 	C:\WINDOWS\system32\NSI.dll
0x00007ffa3de10000 - 0x00007ffa3de5a000 	C:\WINDOWS\SYSTEM32\cfgmgr32.dll
0x00007ffa3c7d0000 - 0x00007ffa3c7f6000 	C:\WINDOWS\SYSTEM32\DEVOBJ.dll
0x0000000065420000 - 0x000000006542f000 	C:\Program Files\Java\jre7\bin\verify.dll
0x00000000653f0000 - 0x0000000065418000 	C:\Program Files\Java\jre7\bin\java.dll
0x00000000653b0000 - 0x00000000653e5000 	C:\Program Files\Java\jre7\bin\jdwp.dll
0x00000000653a0000 - 0x00000000653a8000 	C:\Program Files\Java\jre7\bin\npt.dll
0x0000000065380000 - 0x0000000065395000 	C:\Program Files\Java\jre7\bin\zip.dll
0x0000000065370000 - 0x0000000065379000 	C:\Program Files\Java\jre7\bin\dt_socket.dll
0x00007ffa2fe50000 - 0x00007ffa2fe64000 	C:\WINDOWS\system32\napinsp.dll
0x00007ffa2fe70000 - 0x00007ffa2fe89000 	C:\WINDOWS\system32\pnrpnsp.dll
0x00007ffa38c90000 - 0x00007ffa38ca9000 	C:\WINDOWS\system32\NLAapi.dll
0x00007ffa3d330000 - 0x00007ffa3d388000 	C:\WINDOWS\System32\mswsock.dll
0x00007ffa3cf90000 - 0x00007ffa3d033000 	C:\WINDOWS\SYSTEM32\DNSAPI.dll
0x00007ffa2fed0000 - 0x00007ffa2fedc000 	C:\WINDOWS\System32\winrnr.dll
0x0000000065600000 - 0x0000000065626000 	C:\Program Files\Bonjour\mdnsNSP.dll
0x00007ffa37c10000 - 0x00007ffa37c39000 	C:\WINDOWS\SYSTEM32\Iphlpapi.DLL
0x00007ffa37c00000 - 0x00007ffa37c0a000 	C:\WINDOWS\SYSTEM32\WINNSI.DLL
0x00007ffa37150000 - 0x00007ffa371b8000 	C:\WINDOWS\System32\fwpuclnt.dll
0x00007ffa2fec0000 - 0x00007ffa2fec9000 	C:\Windows\System32\rasadhlp.dll
0x0000000065360000 - 0x000000006536b000 	C:\Program Files\Java\jre7\bin\management.dll
0x0000000065340000 - 0x0000000065359000 	C:\Program Files\Java\jre7\bin\net.dll
0x0000000065320000 - 0x0000000065331000 	C:\Program Files\Java\jre7\bin\nio.dll
0x0000000180000000 - 0x0000000180050000 	D:\dev\minecraft17\ThermalDucts\build\natives\lwjgl64.dll
0x00007ffa22990000 - 0x00007ffa22ab1000 	C:\WINDOWS\SYSTEM32\OPENGL32.dll
0x00007ffa3b3b0000 - 0x00007ffa3b3ba000 	C:\WINDOWS\SYSTEM32\VERSION.dll
0x00007ffa2a500000 - 0x00007ffa2a52c000 	C:\WINDOWS\SYSTEM32\GLU32.dll
0x00007ffa21e10000 - 0x00007ffa21f04000 	C:\WINDOWS\SYSTEM32\DDRAW.dll
0x00007ffa3b190000 - 0x00007ffa3b199000 	C:\WINDOWS\SYSTEM32\DCIMAN32.dll
0x00007ffa3d3b0000 - 0x00007ffa3d3ce000 	C:\WINDOWS\SYSTEM32\CRYPTSP.dll
0x00007ffa3ce10000 - 0x00007ffa3ce45000 	C:\WINDOWS\system32\rsaenh.dll
0x00007ffa3d570000 - 0x00007ffa3d596000 	C:\WINDOWS\SYSTEM32\bcrypt.dll
0x00007ffa3d7c0000 - 0x00007ffa3d820000 	C:\WINDOWS\system32\bcryptprimitives.dll
0x00007ffa3d820000 - 0x00007ffa3d82a000 	C:\WINDOWS\SYSTEM32\CRYPTBASE.dll
0x00007ffa3c650000 - 0x00007ffa3c771000 	C:\WINDOWS\system32\uxtheme.dll
0x00007ffa3bdc0000 - 0x00007ffa3bde0000 	C:\WINDOWS\system32\dwmapi.dll
0x0000000062660000 - 0x0000000064486000 	C:\WINDOWS\SYSTEM32\nvoglv64.DLL
0x00007ffa3f9b0000 - 0x00007ffa3fb84000 	C:\WINDOWS\system32\SETUPAPI.dll
0x00007ffa38df0000 - 0x00007ffa38e20000 	C:\WINDOWS\SYSTEM32\ntmarta.dll
0x00007ffa3d8f0000 - 0x00007ffa3d935000 	C:\WINDOWS\SYSTEM32\powrprof.dll
0x00007ffa3c820000 - 0x00007ffa3c82a000 	C:\WINDOWS\SYSTEM32\kernel.appcore.dll
0x00007ffa3b3c0000 - 0x00007ffa3b44d000 	C:\WINDOWS\SYSTEM32\mscms.dll
0x00007ffa2a0a0000 - 0x00007ffa2a0e1000 	C:\WINDOWS\SYSTEM32\icm32.dll
0x0000000065180000 - 0x0000000065313000 	C:\Program Files\Java\jre7\bin\awt.dll
0x00007ffa40040000 - 0x00007ffa400f7000 	C:\WINDOWS\system32\OLEAUT32.dll
0x000000000e350000 - 0x000000000e3b4000 	D:\dev\minecraft17\ThermalDucts\build\natives\OpenAL64.dll
0x00007ffa3fba0000 - 0x00007ffa3fc44000 	C:\WINDOWS\SYSTEM32\clbcatq.dll
0x00007ffa3b820000 - 0x00007ffa3b882000 	C:\WINDOWS\System32\MMDevApi.dll
0x00007ffa2eab0000 - 0x00007ffa2eb37000 	C:\WINDOWS\SYSTEM32\dsound.dll
0x00007ffa31f80000 - 0x00007ffa31ff6000 	C:\WINDOWS\SYSTEM32\AUDIOSES.DLL
0x0000000065150000 - 0x0000000065174000 	C:\Program Files\Java\jre7\bin\sunec.dll
0x00007ffa38710000 - 0x00007ffa38898000 	C:\WINDOWS\SYSTEM32\dbghelp.dll
0x0000000065140000 - 0x000000006514b000 	C:\Program Files\Java\jre7\bin\sunmscapi.dll
0x00007ffa3db80000 - 0x00007ffa3dd57000 	C:\WINDOWS\system32\CRYPT32.dll
0x00007ffa3da00000 - 0x00007ffa3da12000 	C:\WINDOWS\system32\MSASN1.dll

VM Arguments:
jvm_args: -agentlib:jdwp=transport=dt_socket,suspend=y,address=localhost:58717 -Xincgc -Xmx512M -Xms512M -Dfml.ignoreInvalidMinecraftCertificates=true -Djava.library.path=D:\dev\minecraft17\ThermalDucts\build\natives;D:\dev\minecraft17\ThermalDucts\build\natives;D:\dev\minecraft17\ThermalDucts\build\natives;D:\dev\minecraft17\ThermalDucts\build\natives;D:\dev\minecraft17\ThermalDucts\build\natives;D:\dev\minecraft17\ThermalDucts\build\natives;D:\dev\minecraft17\ThermalDucts\build\natives;D:\dev\minecraft17\ThermalDucts\build\natives;D:\dev\minecraft17\ThermalDucts\build\natives;D:\dev\minecraft17\ThermalDucts\build\natives;D:\dev\minecraft17\CoFHCore\build\natives;D:\dev\minecraft17\CoFHCore\build\natives;D:\dev\minecraft17\CoFHCore\build\natives;D:\dev\minecraft17\CoFHCore\build\natives;D:\dev\minecraft17\CoFHCore\build\natives;D:\dev\minecraft17\CoFHCore\build\natives;D:\dev\minecraft17\CoFHCore\build\natives;D:\dev\minecraft17\CoFHCore\build\natives;D:\dev\minecraft17\CoFHCore\build\natives;D:\dev\minecraft17\CoFHCore\build\natives;D:\dev\minecraft17\CoFHLib\build\natives;D:\dev\minecraft17\CoFHLib\build\natives;D:\dev\minecraft17\CoFHLib\build\natives;D:\dev\minecraft17\CoFHLib\build\natives;D:\dev\minecraft17\CoFHLib\build\natives;D:\dev\minecraft17\CoFHLib\build\natives;D:\dev\minecraft17\CoFHLib\build\natives;D:\dev\minecraft17\CoFHLib\build\natives;D:\dev\minecraft17\CoFHLib\build\natives;D:\dev\minecraft17\CoFHLib\build\natives;D:\dev\minecraft17\ThermalExpansion\build\natives;D:\dev\minecraft17\ThermalExpansion\build\natives;D:\dev\minecraft17\ThermalExpansion\build\natives;D:\dev\minecraft17\ThermalExpansion\build\natives;D:\dev\minecraft17\ThermalExpansion\build\natives;D:\dev\minecraft17\ThermalExpansion\build\natives;D:\dev\minecraft17\ThermalExpansion\build\natives;D:\dev\minecraft17\ThermalExpansion\build\natives;D:\dev\minecraft17\ThermalExpansion\build\natives;D:\dev\minecraft17\ThermalExpansion\build\natives;D:\dev\minecraft17\ThermalFoundation\build\natives;D:\dev\minecraft17\ThermalFoundation\build\natives;D:\dev\minecraft17\ThermalFoundation\build\natives;D:\dev\minecraft17\ThermalFoundation-Dfile.encoding=Cp1252 
java_command: net.minecraft.launchwrapper.Launch --version 1.6 --tweakClass cpw.mods.fml.common.launcher.FMLTweaker --accessToken test
Launcher Type: SUN_STANDARD

Environment Variables:
PATH=C:/Program Files (x86)/Java/jre7/bin/client;C:/Program Files (x86)/Java/jre7/bin;C:/Program Files (x86)/Java/jre7/lib/i386;C:\Program Files (x86)\NVIDIA Corporation\PhysX\Common;C:\Users\Zeldo\AMD APP SDK\2.9\bin\x86_64;C:\Users\Zeldo\AMD APP SDK\2.9\bin\x86;C:\Program Files (x86)\AMD APP SDK\2.9\bin\x86_64;C:\Program Files (x86)\AMD APP SDK\2.9\bin\x86;C:\WINDOWS\system32;C:\WINDOWS;C:\WINDOWS\System32\Wbem;C:\WINDOWS\System32\WindowsPowerShell\v1.0\;C:\Program Files\TortoiseSVN\bin;C:\Program Files\Java\jdk1.7.0_21\bin;C:\Program Files\TortoiseGit\bin;C:\Program Files (x86)\Git\cmd;C:\Program Files (x86)\Bitvise SSH Client;C:\Program Files (x86)\Windows Kits\8.1\Windows Performance Toolkit\;C:\Program Files\Microsoft\Web Platform Installer\;C:\Program Files (x86)\Microsoft ASP.NET\ASP.NET Web Pages\v1.0\;C:\Program Files\Microsoft SQL Server\110\Tools\Binn\;C:\Program Files (x86)\QuickTime\QTSystem\;D:\eclipse;
USERNAME=Zeldo
OS=Windows_NT
PROCESSOR_IDENTIFIER=AMD64 Family 16 Model 4 Stepping 3, AuthenticAMD



---------------  S Y S T E M  ---------------

OS: Windows 8 , 64 bit Build 9200 

CPU:total 4 (4 cores per cpu, 1 threads per core) family 16 model 4 stepping 3, cmov, cx8, fxsr, mmx, sse, sse2, sse3, popcnt, mmxext, 3dnowpref, lzcnt, sse4a, tsc, tscinvbit, tscinv

Memory: 4k page, physical 16775348k(10890484k free), swap 16775348k(8492596k free)

vm_info: Java HotSpot(TM) 64-Bit Server VM (23.21-b01) for windows-amd64 JRE (1.7.0_21-b11), built on Apr  4 2013 08:11:28 by "java_re" with unknown MS VC++:1600

time: Wed Jun 18 22:39:04 2014
elapsed time: 20 seconds

